2024-11-02 18:03:25,520 - db_helper - INFO - select_user_information called for email: Sabirhoda@gmail.com
2024-11-03 11:02:21,206 - db_helper - INFO - select_user_information called for email: Sabirhoda@gmail.com
2024-11-03 11:06:39,429 - db_helper - INFO - select_user_information called for email: Sabirhoda@gmail.com
2024-11-03 11:06:40,264 - db_helper - WARNING - Login failed: Incorrect password
2024-11-03 11:07:08,149 - db_helper - INFO - select_user_information called for email: Sabirhoda@gmail.com
2024-11-03 11:12:22,904 - db_helper - INFO - select_user_information called for email: abcd@gmail.com
2024-11-03 11:12:23,136 - db_helper - WARNING - Login failed: user not found
2024-11-03 11:13:39,636 - db_helper - INFO - select_user_information called for email: abcd@gmail.com
2024-11-03 11:13:39,780 - db_helper - WARNING - Login failed: user not found
2024-11-03 11:16:27,297 - db_helper - INFO - select_user_information called for email: ayanhayat@gmail.com
2024-11-03 11:16:27,452 - db_helper - WARNING - Login failed: user not found
2024-11-03 11:17:48,012 - db_helper - INFO - select_user_information called for email: ayanhayat@gmail.com
2024-11-03 11:18:23,052 - db_helper - INFO - select_user_information called for email: ayanhayat@gmail.com
2024-11-03 11:29:18,186 - db_helper - INFO - select_user_information called for email: ayanhayat@gmail.com
2024-11-03 11:31:48,952 - db_helper - INFO - select_user_information called for email: ayanhayat@gmail.com
2024-11-03 12:34:57,620 - db_helper - INFO - select_user_information called for email: ayanhayat@gmail.com
2024-11-03 12:37:49,392 - db_helper - INFO - select_user_information called for email: ayanhayat@gmail.com
2024-11-03 12:39:31,073 - db_helper - INFO - select_user_information called for email: ayanhayat@gmail.com
2024-11-03 12:41:13,493 - db_helper - INFO - select_user_information called for email: ayanhayat@gmail.com
2024-11-03 12:47:21,469 - db_helper - INFO - select_user_information called for email: ayanhayat@gmail.com
2024-11-03 12:55:26,681 - db_helper - INFO - select_user_information called for email: ayanhayat@gmail.com
2024-11-03 13:03:36,148 - db_helper - INFO - select_user_information called for email: ayanhayat@gmail.com
2024-11-03 13:07:48,095 - db_helper - INFO - select_user_information called for email: ayanhayat@gmail.com
2024-11-03 13:11:57,360 - db_helper - INFO - select_user_information called for email: ayanhayat@gmail.com
2024-11-03 13:14:23,120 - db_helper - INFO - select_user_information called for email: ayanhayat@gmail.com
2024-11-03 13:16:41,439 - db_helper - INFO - select_user_information called for email: ayanhayat@gmail.com
2024-11-03 13:20:35,398 - db_helper - INFO - select_user_information called for email: ayanhayat@gmail.com
2024-11-03 13:26:23,443 - db_helper - INFO - select_user_information called for email: ayanhayat@gmail.com
2024-11-03 13:27:12,234 - db_helper - INFO - select_user_information called for email: ayanhayat@gmail.com
2024-11-03 13:27:37,065 - db_helper - INFO - select_user_information called for email: ayanhayat@gmail.com
2024-11-03 13:28:09,565 - db_helper - INFO - select_user_information called for email: ayanhayat@gmail.com
2024-11-03 13:29:01,220 - db_helper - INFO - select_user_information called for email: ayanhayat@gmail.com
2024-11-03 13:29:37,467 - db_helper - INFO - select_user_information called for email: ayanhayat@gmail.com
2024-11-03 13:30:05,407 - db_helper - INFO - select_user_information called for email: ayanhayat@gmail.com
2024-11-03 13:32:40,533 - db_helper - INFO - select_user_information called for email: ayanhayat@gmail.com
2024-11-03 13:40:00,862 - db_helper - INFO - select_user_information called for email: ayanhayat@gmail.com
2024-11-03 13:44:34,393 - db_helper - INFO - select_user_information called for email: ayanhayat@gmail.com
2024-11-03 13:44:58,864 - db_helper - INFO - select_user_information called for email: ayanhayat@gmail.com
2024-11-03 15:33:01,630 - db_helper - INFO - select_user_information called for email: ayanhayat@gmail.com
2024-11-03 15:35:39,869 - db_helper - INFO - select_user_information called for email: aahilhayat@gmail.com
2024-11-03 15:35:40,023 - db_helper - WARNING - Login failed: user not found
2024-11-03 15:40:49,238 - db_helper - INFO - select_user_information called for email: aahilhayat@gmail.com
2024-11-03 15:40:49,415 - db_helper - WARNING - Login failed: user not found
2024-11-03 15:41:55,394 - db_helper - INFO - select_user_information called for email: aahilhayat@gmail.com
2024-11-03 15:41:55,620 - db_helper - WARNING - Login failed: user not found
2024-11-03 15:44:23,741 - db_helper - INFO - select_user_information called for email: aahilhayat@gmail.com
2024-11-03 15:44:23,879 - db_helper - WARNING - Login failed: user not found
2024-11-03 15:46:53,054 - db_helper - INFO - select_user_information called for email: 3qfqqvcqcqcq
2024-11-03 15:46:53,235 - db_helper - WARNING - Login failed: user not found
2024-11-03 15:47:10,432 - db_helper - INFO - select_user_information called for email: qfqfqfqcec
2024-11-03 15:47:10,569 - db_helper - WARNING - Login failed: user not found
2024-11-03 18:42:34,573 - db_helper - INFO - insert_user_information called for email: qdqwfwefewqeqw
2024-11-03 18:43:54,064 - db_helper - INFO - insert_user_information called for email: aahildanish@gmail.com
2024-11-03 18:44:38,524 - db_helper - INFO - select_user_information called for email: aahildanish@gmail.com
2024-11-04 15:27:30,112 - db_helper - INFO - select_user_information called for email: Sabirhoda@gmail.com
2024-11-04 15:30:36,760 - db_helper - INFO - insert_user_information called for email: abcs@gmail.com
2024-11-04 15:30:48,111 - db_helper - INFO - select_user_information called for email: abcs@gmail.com
2024-11-04 16:40:18,960 - db_helper - INFO - select_user_information called for email: Sabirhoda@gmail.com
2024-11-04 18:44:34,992 - db_helper - INFO - select_user_information called for email: Sabirhoda@gmail.com
2024-11-04 18:46:25,576 - db_helper - INFO - select_user_information called for email: Sabirhoda@gmail.com
2024-11-04 19:18:35,765 - db_helper - INFO - select_user_information called for email: Sabirhoda@gmail.com
2024-11-04 19:20:47,875 - db_helper - INFO - select_user_information called for email: Sabirhoda@gmail.com
2024-11-04 19:24:12,222 - db_helper - INFO - select_user_information called for email: Sabirhoda@gmail.com
2024-11-05 19:31:25,189 - db_helper - INFO - insert_user_information called for email: ayrakhan@gmail.com
