2024-10-28 15:45:17,207 - db_helper - INFO - fetch_expense_for_date called with 2024-08-01
2024-10-28 15:45:17,547 - db_helper - INFO - fetch_expense_summary called with start: 2024-08-01 end: 2024-08-05
2024-10-28 15:50:07,109 - db_helper - INFO - fetch_expense_for_date called with 2024-08-30
2024-10-28 15:50:07,308 - db_helper - INFO - fetch_expense_summary called with start: 2024-08-01 end: 2024-08-05
2024-10-28 15:50:55,406 - db_helper - INFO - fetch_expense_for_date called with 2024-08-1
2024-10-28 15:50:55,648 - db_helper - INFO - fetch_expense_summary called with start: 2024-08-01 end: 2024-08-05
2024-10-29 11:56:42,122 - db_helper - INFO - fetch_expense_for_date called with 2024-08-01
2024-10-29 11:56:51,319 - db_helper - INFO - fetch_expense_for_date called with 2024-08-01
2024-10-29 11:57:03,780 - db_helper - INFO - delete_expense_for_date called with 2024-08-28
2024-10-29 11:57:03,951 - db_helper - INFO - insert_expense called with 2024-08-28
2024-10-29 11:57:08,309 - db_helper - INFO - fetch_expense_for_date called with 2024-08-01
2024-10-29 15:32:34,219 - db_helper - INFO - fetch_expense_for_date called with 2024-08-01
2024-10-29 15:32:40,740 - db_helper - INFO - delete_expense_for_date called with 2024-08-28
2024-10-29 15:32:40,928 - db_helper - INFO - insert_expense called with 2024-08-28
2024-10-29 15:41:01,773 - db_helper - INFO - fetch_expense_for_date called with 2024-08-01
2024-10-29 15:41:30,618 - db_helper - INFO - fetch_expense_for_date called with 2024-08-02
2024-10-29 15:41:38,129 - db_helper - INFO - fetch_expense_for_date called with 2024-08-03
2024-10-29 15:41:55,567 - db_helper - INFO - fetch_expense_for_date called with 2024-08-01
2024-10-29 15:59:06,742 - db_helper - INFO - fetch_expense_for_date called with 2024-08-01
2024-10-29 16:02:34,479 - db_helper - INFO - fetch_expense_for_date called with 2024-08-01
2024-10-29 16:05:06,934 - db_helper - INFO - fetch_expense_for_date called with 2024-08-01
2024-10-29 16:07:56,052 - db_helper - INFO - fetch_expense_for_date called with 2024-08-01
2024-10-29 16:08:46,288 - db_helper - INFO - fetch_expense_for_date called with 2024-08-02
2024-10-29 16:10:05,552 - db_helper - INFO - fetch_expense_for_date called with 2024-08-01
2024-10-29 16:10:40,790 - db_helper - INFO - fetch_expense_for_date called with 2024-08-01
2024-10-29 16:12:25,517 - db_helper - INFO - fetch_expense_for_date called with 2024-08-01
2024-10-29 16:12:55,503 - db_helper - INFO - fetch_expense_for_date called with 2024-08-01
2024-10-29 16:13:04,500 - db_helper - INFO - fetch_expense_for_date called with 2024-08-01
2024-10-29 16:18:28,112 - db_helper - INFO - fetch_expense_for_date called with 2024-08-01
2024-10-29 16:19:40,806 - db_helper - INFO - fetch_expense_for_date called with 2024-08-01
2024-10-29 16:22:05,043 - db_helper - INFO - fetch_expense_for_date called with 2024-08-01
2024-10-29 16:27:39,614 - db_helper - INFO - fetch_expense_for_date called with 2024-08-01
2024-10-29 16:28:33,202 - db_helper - INFO - fetch_expense_for_date called with 2024-08-01
2024-10-29 17:26:11,236 - db_helper - INFO - fetch_expense_for_date called with 2024-08-01
2024-10-29 17:26:39,916 - db_helper - INFO - fetch_expense_for_date called with 2024-08-02
2024-10-29 17:26:50,539 - db_helper - INFO - fetch_expense_for_date called with 2024-08-01
2024-10-29 17:27:09,674 - db_helper - INFO - fetch_expense_for_date called with 2024-08-02
2024-10-29 17:27:09,959 - db_helper - INFO - fetch_expense_for_date called with 2024-08-02
2024-10-29 17:27:21,202 - db_helper - INFO - fetch_expense_for_date called with 2024-08-01
2024-10-29 17:27:36,761 - db_helper - INFO - delete_expense_for_date called with 2024-08-28
2024-10-29 17:27:36,996 - db_helper - INFO - insert_expense called with 2024-08-28
2024-10-29 17:27:49,047 - db_helper - INFO - fetch_expense_for_date called with 2024-08-01
2024-10-29 17:29:58,076 - db_helper - INFO - delete_expense_for_date called with 2024-08-01
2024-10-29 17:29:58,237 - db_helper - INFO - insert_expense called with 2024-08-01
2024-10-29 17:30:19,255 - db_helper - INFO - fetch_expense_for_date called with 2024-08-01
2024-10-29 17:32:11,300 - db_helper - INFO - fetch_expense_for_date called with 2024-08-02
2024-10-29 17:32:15,946 - db_helper - INFO - fetch_expense_for_date called with 2024-08-01
2024-10-29 17:33:22,367 - db_helper - INFO - fetch_expense_for_date called with 2024-08-01
2024-10-29 17:37:48,165 - db_helper - INFO - delete_expense_for_date called with 2024-08-01
2024-10-29 17:37:48,328 - db_helper - INFO - insert_expense called with 2024-08-01
2024-10-29 17:37:48,472 - db_helper - INFO - insert_expense called with 2024-08-01
2024-10-29 17:37:48,620 - db_helper - INFO - insert_expense called with 2024-08-01
2024-10-29 17:37:48,764 - db_helper - INFO - insert_expense called with 2024-08-01
2024-10-29 17:37:48,915 - db_helper - INFO - insert_expense called with 2024-08-01
2024-10-29 17:37:53,329 - db_helper - INFO - fetch_expense_for_date called with 2024-08-01
2024-10-29 17:38:12,504 - db_helper - INFO - fetch_expense_for_date called with 2024-08-01
2024-10-29 17:39:46,923 - db_helper - INFO - fetch_expense_for_date called with 2024-08-01
2024-10-29 17:40:37,231 - db_helper - INFO - delete_expense_for_date called with 2024-08-01
2024-10-29 17:40:37,380 - db_helper - INFO - insert_expense called with 2024-08-01
2024-10-29 17:40:37,525 - db_helper - INFO - insert_expense called with 2024-08-01
2024-10-29 17:40:37,687 - db_helper - INFO - insert_expense called with 2024-08-01
2024-10-29 17:40:37,845 - db_helper - INFO - insert_expense called with 2024-08-01
2024-10-29 17:40:37,998 - db_helper - INFO - insert_expense called with 2024-08-01
2024-10-29 17:40:40,879 - db_helper - INFO - fetch_expense_for_date called with 2024-08-01
2024-10-29 17:41:12,899 - db_helper - INFO - fetch_expense_for_date called with 2024-08-01
2024-10-29 17:42:50,449 - db_helper - INFO - fetch_expense_for_date called with 2024-08-01
2024-10-29 17:42:57,612 - db_helper - INFO - fetch_expense_for_date called with 2024-08-02
2024-10-29 17:43:07,729 - db_helper - INFO - fetch_expense_for_date called with 2024-08-01
2024-10-29 17:43:44,400 - db_helper - INFO - fetch_expense_for_date called with 2024-08-07
2024-10-29 18:01:50,459 - db_helper - INFO - fetch_expense_for_date called with 2024-08-07
2024-10-29 18:01:52,788 - db_helper - INFO - delete_expense_for_date called with 2024-08-07
2024-10-29 18:01:52,971 - db_helper - INFO - insert_expense called with 2024-08-07
2024-10-29 18:01:53,189 - db_helper - INFO - insert_expense called with 2024-08-07
2024-10-29 18:01:53,401 - db_helper - INFO - insert_expense called with 2024-08-07
2024-10-29 18:01:53,552 - db_helper - INFO - insert_expense called with 2024-08-07
2024-10-29 18:02:17,249 - db_helper - INFO - fetch_expense_for_date called with 2024-08-07
2024-10-29 18:03:11,201 - db_helper - INFO - fetch_expense_for_date called with 2024-08-01
2024-10-29 18:03:17,285 - db_helper - INFO - fetch_expense_for_date called with 2024-08-07
2024-10-30 10:47:51,357 - db_helper - INFO - fetch_expense_for_date called with 2024-08-01
2024-10-30 10:48:14,838 - db_helper - INFO - fetch_expense_for_date called with 2024-08-01
2024-10-30 10:48:57,821 - db_helper - INFO - fetch_expense_for_date called with 2024-08-01
2024-10-30 11:33:08,244 - db_helper - INFO - fetch_expense_for_date called with 2024-08-01
2024-10-30 11:35:33,284 - db_helper - INFO - fetch_expense_for_date called with 2024-08-01
2024-10-30 11:35:41,075 - db_helper - INFO - fetch_expense_for_date called with 2024-08-02
2024-10-30 11:35:47,479 - db_helper - INFO - fetch_expense_for_date called with 2024-08-01
2024-10-30 11:56:51,554 - db_helper - INFO - fetch_expense_summary called with start: 2024-08-01 end: 2024-08-05
2024-10-30 12:15:34,272 - db_helper - INFO - fetch_expense_summary called with start: 2024-08-01 end: 2024-08-05
2024-10-30 12:50:57,873 - db_helper - INFO - fetch_expense_for_date called with 2024-08-01
2024-10-30 12:51:10,529 - db_helper - INFO - fetch_expense_for_date called with 2024-08-02
2024-10-30 12:51:17,085 - db_helper - INFO - fetch_expense_for_date called with 2024-08-03
2024-10-30 12:51:23,434 - db_helper - INFO - fetch_expense_for_date called with 2024-08-15
2024-10-30 12:51:29,287 - db_helper - INFO - fetch_expense_for_date called with 2024-08-01
2024-10-30 12:52:31,029 - db_helper - INFO - fetch_expense_for_date called with 2024-08-01
2024-10-30 12:57:24,614 - db_helper - INFO - fetch_expense_for_date called with 2024-08-01
2024-10-30 12:57:39,461 - db_helper - INFO - fetch_expense_for_date called with 2024-08-02
2024-10-30 12:57:43,799 - db_helper - INFO - fetch_expense_for_date called with 2024-08-01
2024-10-30 16:27:08,201 - db_helper - INFO - fetch_expense_for_date called with 2024-08-01
2024-10-30 16:33:32,443 - db_helper - INFO - fetch_expense_for_date called with 2024-08-01
2024-10-30 16:33:38,877 - db_helper - INFO - fetch_expense_for_date called with 2024-08-02
2024-10-30 16:33:44,557 - db_helper - INFO - fetch_expense_for_date called with 2024-08-03
2024-10-30 16:33:52,139 - db_helper - INFO - fetch_expense_for_date called with 2024-08-01
2024-10-30 16:42:12,865 - db_helper - INFO - fetch_expense_for_date called with 2024-08-01
2024-10-30 16:42:18,762 - db_helper - INFO - fetch_expense_for_date called with 2024-08-01
2024-10-30 16:42:34,118 - db_helper - INFO - fetch_expense_for_date called with 2024-08-02
2024-10-30 16:42:39,989 - db_helper - INFO - fetch_expense_for_date called with 2024-08-01
2024-10-30 16:43:04,012 - db_helper - INFO - fetch_expense_for_date called with 2024-08-01
2024-10-30 16:43:54,651 - db_helper - INFO - fetch_expense_for_date called with 2024-08-01
2024-10-30 16:43:59,886 - db_helper - INFO - fetch_expense_for_date called with 2024-08-01
2024-10-30 16:47:23,358 - db_helper - INFO - fetch_expense_for_date called with 2024-08-01
2024-10-30 16:47:27,340 - db_helper - INFO - fetch_expense_for_date called with 2024-08-01
2024-10-30 16:48:46,826 - db_helper - INFO - fetch_expense_for_date called with 2024-08-01
2024-10-30 16:48:54,220 - db_helper - INFO - fetch_expense_for_date called with 2024-08-02
2024-10-30 16:48:58,982 - db_helper - INFO - fetch_expense_for_date called with 2024-08-03
2024-10-30 16:49:04,242 - db_helper - INFO - fetch_expense_for_date called with 2024-08-01
2024-10-30 16:49:10,086 - db_helper - INFO - fetch_expense_for_date called with 2024-08-01
2024-10-30 16:50:50,970 - db_helper - INFO - fetch_expense_for_date called with 2024-08-02
2024-10-30 16:50:55,680 - db_helper - INFO - fetch_expense_for_date called with 2024-08-03
2024-10-30 16:52:56,499 - db_helper - INFO - fetch_expense_summary called with start: 2024-08-01 end: 2024-08-05
2024-10-30 19:02:44,266 - db_helper - INFO - fetch_expense_for_date called with 2024-08-01
2024-10-30 19:02:52,781 - db_helper - INFO - fetch_expense_summary called with start: 2024-08-01 end: 2024-08-05
2024-10-30 19:05:01,921 - db_helper - INFO - fetch_expense_for_date called with 2024-08-01
2024-10-30 19:05:07,301 - db_helper - INFO - fetch_expense_for_date called with 2024-08-02
2024-10-30 19:05:22,916 - db_helper - INFO - fetch_expense_for_date called with 2024-08-05
2024-10-30 19:05:27,176 - db_helper - INFO - fetch_expense_for_date called with 2024-08-01
2024-10-30 19:05:56,003 - db_helper - INFO - fetch_expense_for_date called with 2024-08-01
2024-10-30 19:06:28,643 - db_helper - INFO - fetch_expense_for_date called with 2024-08-01
2024-10-30 19:06:56,756 - db_helper - INFO - fetch_expense_for_date called with 2024-08-01
2024-10-30 19:08:07,142 - db_helper - INFO - fetch_expense_for_date called with 2024-08-01
2024-10-30 19:10:25,404 - db_helper - INFO - fetch_expense_summary called with start: 2024-08-01 end: 2024-08-05
2024-10-30 19:10:27,127 - db_helper - INFO - fetch_expense_summary called with start: 2024-08-01 end: 2024-08-05
2024-10-30 19:12:18,204 - db_helper - INFO - fetch_expense_for_date called with 2024-08-01
2024-10-30 19:12:30,163 - db_helper - INFO - fetch_expense_for_date called with 2024-08-07
2024-10-30 19:12:38,675 - db_helper - INFO - fetch_expense_for_date called with 2024-08-01
2024-10-30 19:12:55,818 - db_helper - INFO - fetch_expense_for_date called with 2024-08-01
2024-10-30 19:14:17,905 - db_helper - INFO - fetch_expense_summary called with start: 2024-08-01 end: 2024-08-05
2024-10-30 19:17:48,462 - db_helper - INFO - fetch_expense_for_date called with 2024-08-01
2024-10-30 19:17:52,085 - db_helper - INFO - fetch_expense_for_date called with 2024-08-01
2024-10-30 19:17:54,326 - db_helper - INFO - fetch_expense_summary called with start: 2024-08-01 end: 2024-08-05
2024-10-30 19:26:31,683 - db_helper - INFO - fetch_expense_for_date called with 2024-08-01
2024-10-30 19:26:38,472 - db_helper - INFO - fetch_expense_for_date called with 2024-08-01
2024-10-30 19:26:40,770 - db_helper - INFO - fetch_expense_summary called with start: 2024-08-01 end: 2024-08-05
2024-10-30 19:43:26,785 - db_helper - INFO - fetch_expense_for_date called with 2024-08-01
2024-10-30 19:43:31,946 - db_helper - INFO - fetch_expense_for_date called with 2024-08-01
2024-10-30 19:43:34,237 - db_helper - INFO - fetch_expense_summary called with start: 2024-08-01 end: 2024-08-05
2024-10-30 19:44:19,531 - db_helper - INFO - fetch_expense_for_date called with 2024-08-03
2024-10-30 19:44:29,805 - db_helper - INFO - fetch_expense_for_date called with 2024-08-01
2024-10-30 19:44:35,371 - db_helper - INFO - fetch_expense_for_date called with 2024-08-01
2024-10-30 19:44:37,624 - db_helper - INFO - fetch_expense_summary called with start: 2024-08-01 end: 2024-08-05
2024-10-30 19:45:36,147 - db_helper - INFO - fetch_expense_for_date called with 2024-08-01
2024-10-30 19:45:43,395 - db_helper - INFO - fetch_expense_for_date called with 2024-08-01
2024-10-30 19:45:45,706 - db_helper - INFO - fetch_expense_summary called with start: 2024-08-01 end: 2024-08-05
2024-10-30 19:46:24,546 - db_helper - INFO - fetch_expense_for_date called with 2024-08-01
2024-10-30 19:46:33,658 - db_helper - INFO - fetch_expense_for_date called with 2024-08-01
2024-10-30 19:46:35,950 - db_helper - INFO - fetch_expense_summary called with start: 2024-08-01 end: 2024-08-05
2024-10-30 19:47:09,727 - db_helper - INFO - fetch_expense_for_date called with 2024-08-01
2024-10-30 19:47:14,106 - db_helper - INFO - fetch_expense_for_date called with 2024-08-01
2024-10-30 19:47:16,559 - db_helper - INFO - fetch_expense_summary called with start: 2024-08-01 end: 2024-08-05
2024-10-30 19:47:41,214 - db_helper - INFO - fetch_expense_for_date called with 2024-08-01
2024-10-30 19:47:44,830 - db_helper - INFO - fetch_expense_for_date called with 2024-08-01
2024-10-30 19:47:47,127 - db_helper - INFO - fetch_expense_summary called with start: 2024-08-01 end: 2024-08-05
2024-10-30 19:48:03,298 - db_helper - INFO - fetch_expense_for_date called with 2024-08-01
2024-10-30 19:48:12,023 - db_helper - INFO - fetch_expense_for_date called with 2024-08-01
2024-10-30 19:48:14,282 - db_helper - INFO - fetch_expense_summary called with start: 2024-08-01 end: 2024-08-05
2024-10-30 19:52:27,366 - db_helper - INFO - fetch_expense_for_date called with 2024-08-01
2024-10-30 19:52:31,157 - db_helper - INFO - fetch_expense_for_date called with 2024-08-01
2024-10-30 19:52:33,423 - db_helper - INFO - fetch_expense_summary called with start: 2024-08-01 end: 2024-08-05
2024-10-30 19:53:45,193 - db_helper - INFO - fetch_expense_for_date called with 2024-08-06
2024-10-30 19:53:54,242 - db_helper - INFO - fetch_expense_for_date called with 2024-08-06
2024-10-30 19:53:56,483 - db_helper - INFO - fetch_expense_summary called with start: 2024-08-01 end: 2024-08-05
2024-10-30 19:58:44,616 - db_helper - INFO - fetch_expense_for_date called with 2024-08-02
2024-10-30 20:01:48,961 - db_helper - INFO - fetch_expense_for_date called with 2024-08-02
2024-10-30 20:01:54,190 - db_helper - INFO - fetch_expense_for_date called with 2024-08-02
2024-10-30 20:01:56,583 - db_helper - INFO - fetch_expense_summary called with start: 2024-08-01 end: 2024-08-05
2024-10-30 20:02:15,460 - db_helper - INFO - fetch_expense_for_date called with 2024-08-02
2024-10-30 20:02:19,357 - db_helper - INFO - fetch_expense_for_date called with 2024-08-02
2024-10-30 20:02:21,670 - db_helper - INFO - fetch_expense_summary called with start: 2024-08-02 end: 2024-08-05
2024-10-30 20:02:32,703 - db_helper - INFO - fetch_expense_for_date called with 2024-08-02
2024-10-30 20:04:33,044 - db_helper - INFO - fetch_expense_for_date called with 2024-08-02
2024-10-30 20:05:06,709 - db_helper - INFO - fetch_expense_summary called with start: 2024-08-01 end: 2024-08-05
2024-10-30 20:05:06,710 - db_helper - INFO - fetch_expense_for_date called with 2024-08-02
2024-10-30 21:32:05,755 - db_helper - INFO - fetch_expense_for_date called with 2024-08-01
2024-10-30 21:32:10,954 - db_helper - INFO - fetch_expense_for_date called with 2024-08-02
2024-10-30 21:32:16,156 - db_helper - INFO - fetch_expense_for_date called with 2024-08-01
2024-10-30 21:32:21,192 - db_helper - INFO - fetch_expense_for_date called with 2024-08-01
2024-10-30 21:32:23,407 - db_helper - INFO - fetch_expense_summary called with start: 2024-08-01 end: 2024-08-05
2024-10-31 12:46:50,992 - db_helper - INFO - insert_user_information called for username: Sabirhoda
2024-10-31 13:30:05,913 - db_helper - INFO - select_user_information called for email: Sabirhoda@gmail.com
2024-10-31 13:32:15,491 - db_helper - INFO - select_user_information called for email: Sabjsasm@gamil.com
2024-10-31 13:32:15,636 - db_helper - WARNING - Login failed: user not found
2024-10-31 13:34:43,280 - db_helper - INFO - fetch_expense_for_date called with 2024-08-01
2024-10-31 13:34:48,788 - db_helper - INFO - fetch_expense_for_date called with 2024-08-02
2024-10-31 13:34:54,342 - db_helper - INFO - fetch_expense_for_date called with 2024-08-02
2024-10-31 13:34:56,658 - db_helper - INFO - fetch_expense_summary called with start: 2024-08-01 end: 2024-08-05
2024-10-31 20:08:28,776 - db_helper - INFO - fetch_expense_for_date called with 2024-08-01
2024-10-31 20:08:35,861 - db_helper - INFO - fetch_expense_for_date called with 2024-08-02
2024-10-31 20:08:40,126 - db_helper - INFO - fetch_expense_for_date called with 2024-08-03
2024-10-31 20:08:44,501 - db_helper - INFO - fetch_expense_for_date called with 2024-08-01
2024-10-31 20:08:49,360 - db_helper - INFO - fetch_expense_for_date called with 2024-08-01
2024-10-31 20:08:51,654 - db_helper - INFO - fetch_expense_summary called with start: 2024-08-01 end: 2024-08-05
2024-10-31 20:52:50,488 - db_helper - INFO - fetch_expense_for_month called 
2024-10-31 20:59:15,854 - db_helper - INFO - fetch_expense_for_date called with 2024-08-01
2024-10-31 21:00:18,937 - db_helper - INFO - fetch_expense_for_date called with 2024-08-01
2024-10-31 21:00:49,775 - db_helper - INFO - fetch_expense_for_date called with 2024-08-01
2024-10-31 21:01:05,556 - db_helper - INFO - fetch_expense_for_date called with 2024-08-01
2024-10-31 21:01:24,183 - db_helper - INFO - fetch_expense_for_date called with 2024-08-01
2024-10-31 21:01:26,419 - db_helper - INFO - fetch_expense_summary called with start: 2024-08-01 end: 2024-08-05
2024-10-31 21:01:33,868 - db_helper - INFO - fetch_expense_for_date called with 2024-08-02
2024-10-31 21:18:42,444 - db_helper - INFO - fetch_expense_for_month called 
2024-10-31 21:54:14,449 - db_helper - INFO - fetch_expense_for_date called with 2024-08-02
2024-10-31 21:54:16,788 - db_helper - INFO - fetch_expense_for_month called 
2024-10-31 21:56:23,263 - db_helper - INFO - fetch_expense_for_date called with 2024-08-02
2024-10-31 21:56:26,889 - db_helper - INFO - fetch_expense_for_date called with 2024-08-02
2024-10-31 21:56:29,181 - db_helper - INFO - fetch_expense_for_month called 
2024-10-31 21:56:40,327 - db_helper - INFO - fetch_expense_for_date called with 2024-08-02
2024-10-31 21:56:42,661 - db_helper - INFO - fetch_expense_summary called with start: 2024-08-01 end: 2024-08-05
2024-11-02 10:20:23,252 - db_helper - INFO - fetch_expense_for_date called with 2024-08-01
2024-11-02 10:20:30,086 - db_helper - INFO - fetch_expense_for_date called with 2024-08-03
2024-11-02 10:20:35,175 - db_helper - INFO - fetch_expense_for_date called with 2024-08-04
2024-11-02 10:20:40,006 - db_helper - INFO - fetch_expense_for_date called with 2024-08-01
2024-11-02 10:20:45,235 - db_helper - INFO - fetch_expense_for_date called with 2024-08-01
2024-11-02 10:20:47,499 - db_helper - INFO - fetch_expense_summary called with start: 2024-08-01 end: 2024-08-05
2024-11-02 10:21:00,466 - db_helper - INFO - fetch_expense_for_date called with 2024-08-01
2024-11-02 10:21:02,730 - db_helper - INFO - fetch_expense_for_month called 
2024-11-02 10:23:07,580 - db_helper - INFO - fetch_expense_for_date called with 2024-08-01
2024-11-02 10:23:11,555 - db_helper - INFO - fetch_expense_for_date called with 2024-08-01
2024-11-02 10:23:13,830 - db_helper - INFO - fetch_expense_for_month called 
2024-11-02 10:23:41,728 - db_helper - INFO - fetch_expense_for_date called with 2024-08-01
2024-11-02 10:23:50,983 - db_helper - INFO - fetch_expense_for_date called with 2024-08-01
2024-11-02 10:23:53,313 - db_helper - INFO - fetch_expense_for_month called 
2024-11-02 10:24:32,469 - db_helper - INFO - fetch_expense_for_date called with 2024-08-01
2024-11-02 10:24:37,239 - db_helper - INFO - fetch_expense_for_date called with 2024-08-01
2024-11-02 10:24:39,549 - db_helper - INFO - fetch_expense_for_month called 
2024-11-02 10:26:01,736 - db_helper - INFO - fetch_expense_for_month called 
2024-11-02 10:27:12,864 - db_helper - INFO - fetch_expense_for_date called with 2024-08-01
2024-11-02 10:27:16,973 - db_helper - INFO - fetch_expense_for_date called with 2024-08-01
2024-11-02 10:27:19,226 - db_helper - INFO - fetch_expense_for_month called 
2024-11-02 10:30:40,363 - db_helper - INFO - fetch_expense_for_date called with 2024-08-01
2024-11-02 10:30:44,387 - db_helper - INFO - fetch_expense_for_date called with 2024-08-01
2024-11-02 10:30:46,906 - db_helper - INFO - fetch_expense_for_month called 
2024-11-02 10:35:11,329 - db_helper - INFO - fetch_expense_for_date called with 2024-08-01
2024-11-02 10:35:16,820 - db_helper - INFO - fetch_expense_for_date called with 2024-08-01
2024-11-02 10:35:19,202 - db_helper - INFO - fetch_expense_for_month called 
2024-11-02 10:36:19,494 - db_helper - INFO - fetch_expense_for_date called with 2024-08-01
2024-11-02 10:36:24,691 - db_helper - INFO - fetch_expense_for_date called with 2024-08-01
2024-11-02 10:36:27,205 - db_helper - INFO - fetch_expense_for_month called 
2024-11-02 10:37:33,132 - db_helper - INFO - fetch_expense_for_date called with 2024-08-01
2024-11-02 10:37:36,474 - db_helper - INFO - fetch_expense_for_date called with 2024-08-01
2024-11-02 10:37:38,728 - db_helper - INFO - fetch_expense_for_month called 
2024-11-02 10:38:39,798 - db_helper - INFO - fetch_expense_for_date called with 2024-08-01
2024-11-02 10:38:43,652 - db_helper - INFO - fetch_expense_for_date called with 2024-08-01
2024-11-02 10:38:45,998 - db_helper - INFO - fetch_expense_for_month called 
2024-11-02 10:39:04,250 - db_helper - INFO - fetch_expense_for_date called with 2024-08-01
2024-11-02 10:39:06,543 - db_helper - INFO - fetch_expense_summary called with start: 2024-08-01 end: 2024-08-05
2024-11-02 10:39:13,199 - db_helper - INFO - fetch_expense_for_date called with 2024-08-02
2024-11-02 10:39:18,492 - db_helper - INFO - fetch_expense_for_date called with 2024-08-02
2024-11-02 10:39:20,754 - db_helper - INFO - fetch_expense_summary called with start: 2024-08-01 end: 2024-08-05
2024-11-02 10:39:31,384 - db_helper - INFO - fetch_expense_for_date called with 2024-08-02
2024-11-02 10:39:33,612 - db_helper - INFO - fetch_expense_for_month called 
2024-11-02 10:40:01,919 - db_helper - INFO - fetch_expense_for_date called with 2024-08-01
2024-11-02 10:40:07,426 - db_helper - INFO - fetch_expense_for_date called with 2024-08-01
2024-11-02 10:40:09,708 - db_helper - INFO - fetch_expense_summary called with start: 2024-08-01 end: 2024-08-05
2024-11-02 10:40:19,813 - db_helper - INFO - fetch_expense_for_date called with 2024-08-01
2024-11-02 10:40:22,200 - db_helper - INFO - fetch_expense_for_month called 
2024-11-02 10:41:27,876 - db_helper - INFO - fetch_expense_for_date called with 2024-08-01
2024-11-02 10:41:30,175 - db_helper - INFO - fetch_expense_for_month called 
2024-11-02 11:11:56,592 - db_helper - INFO - fetch_expense_for_date called with 2024-08-01
2024-11-02 11:12:00,779 - db_helper - INFO - fetch_expense_for_date called with 2024-08-01
2024-11-02 11:12:02,963 - db_helper - INFO - fetch_expense_for_month called 
2024-11-02 11:12:25,800 - db_helper - INFO - fetch_expense_for_date called with 2024-08-01
2024-11-02 11:12:29,588 - db_helper - INFO - fetch_expense_for_date called with 2024-08-01
2024-11-02 11:12:31,897 - db_helper - INFO - fetch_expense_for_month called 
2024-11-02 11:14:16,623 - db_helper - INFO - fetch_expense_for_date called with 2024-08-01
2024-11-02 11:14:20,917 - db_helper - INFO - fetch_expense_for_date called with 2024-08-01
2024-11-02 11:14:23,198 - db_helper - INFO - fetch_expense_for_month called 
2024-11-02 11:14:36,296 - db_helper - INFO - fetch_expense_for_date called with 2024-08-01
2024-11-02 11:14:40,238 - db_helper - INFO - fetch_expense_for_date called with 2024-08-01
2024-11-02 11:14:42,478 - db_helper - INFO - fetch_expense_for_month called 
2024-11-02 11:15:23,215 - db_helper - INFO - fetch_expense_for_date called with 2024-08-01
2024-11-02 11:15:25,623 - db_helper - INFO - fetch_expense_summary called with start: 2024-08-01 end: 2024-08-05
2024-11-02 11:15:39,743 - db_helper - INFO - fetch_expense_for_date called with 2024-08-02
2024-11-02 11:15:44,458 - db_helper - INFO - fetch_expense_for_date called with 2024-08-01
2024-11-02 11:16:27,637 - db_helper - INFO - fetch_expense_for_date called with 2024-08-01
2024-11-02 11:16:29,893 - db_helper - INFO - fetch_expense_summary called with start: 2024-08-01 end: 2024-08-05
2024-11-02 11:16:41,202 - db_helper - INFO - fetch_expense_for_date called with 2024-08-01
2024-11-02 11:16:43,450 - db_helper - INFO - fetch_expense_for_month called 
2024-11-02 17:26:36,007 - db_helper - INFO - select_user_information called for email: Sabjsasm@gamil.com
2024-11-02 17:27:06,359 - db_helper - INFO - select_user_information called for email: Sabjsasm@gamil.com
2024-11-02 17:27:08,494 - db_helper - INFO - select_user_information called for email: Sabjsasm@gamil.com
2024-11-02 17:27:09,485 - db_helper - INFO - select_user_information called for email: Sabjsasm@gamil.com
2024-11-02 17:29:35,160 - db_helper - INFO - select_user_information called for email: Sabirhoda@gmail.com
2024-11-02 17:29:36,834 - db_helper - INFO - select_user_information called for email: Sabirhoda@gmail.com
2024-11-02 17:51:38,130 - db_helper - INFO - select_user_information called for email: Sabirhoda@gmail.com
2024-11-02 17:53:40,167 - db_helper - INFO - select_user_information called for email: Sabirhoda@gmail.com
2024-11-02 18:04:05,074 - db_helper - INFO - fetch_expense_for_date called with 2024-08-01
2024-11-02 18:04:13,993 - db_helper - INFO - fetch_expense_for_date called with 2024-08-02
2024-11-02 18:04:18,812 - db_helper - INFO - fetch_expense_for_date called with 2024-08-03
2024-11-02 18:04:23,239 - db_helper - INFO - fetch_expense_for_date called with 2024-08-03
2024-11-02 18:04:25,453 - db_helper - INFO - fetch_expense_summary called with start: 2024-08-01 end: 2024-08-05
2024-11-02 18:04:39,274 - db_helper - INFO - fetch_expense_for_date called with 2024-08-03
2024-11-02 18:04:41,505 - db_helper - INFO - fetch_expense_for_month called 
2024-11-03 11:03:44,816 - db_helper - INFO - fetch_expense_for_date called with 2024-08-01
2024-11-03 11:03:55,261 - db_helper - INFO - fetch_expense_for_date called with 2024-08-02
2024-11-03 11:03:57,924 - db_helper - INFO - fetch_expense_for_date called with 2024-08-03
2024-11-03 11:04:02,925 - db_helper - INFO - fetch_expense_for_date called with 2024-08-01
2024-11-03 11:04:08,505 - db_helper - INFO - fetch_expense_for_date called with 2024-08-01
2024-11-03 11:04:10,935 - db_helper - INFO - fetch_expense_summary called with start: 2024-08-01 end: 2024-08-05
2024-11-03 11:04:22,497 - db_helper - INFO - fetch_expense_for_date called with 2024-08-01
2024-11-03 11:04:24,827 - db_helper - INFO - fetch_expense_for_month called 
2024-11-03 11:07:13,135 - db_helper - INFO - fetch_expense_for_date called with 2024-08-01
2024-11-03 11:07:25,464 - db_helper - INFO - fetch_expense_for_date called with 2024-08-02
2024-11-03 11:07:30,216 - db_helper - INFO - fetch_expense_for_date called with 2024-08-03
2024-11-03 11:07:34,867 - db_helper - INFO - fetch_expense_for_date called with 2024-08-01
2024-11-03 11:07:39,634 - db_helper - INFO - fetch_expense_for_date called with 2024-08-01
2024-11-03 11:07:41,934 - db_helper - INFO - fetch_expense_summary called with start: 2024-08-01 end: 2024-08-05
2024-11-03 11:07:53,719 - db_helper - INFO - fetch_expense_for_date called with 2024-08-01
2024-11-03 11:07:55,933 - db_helper - INFO - fetch_expense_for_month called 
2024-11-03 11:08:40,787 - db_helper - INFO - fetch_expense_for_date called with 2024-08-02
2024-11-03 11:08:46,340 - db_helper - INFO - fetch_expense_for_date called with 2024-08-01
2024-11-03 11:17:27,032 - db_helper - INFO - insert_user_information called for username: ayanhayat
2024-11-03 11:18:28,924 - db_helper - INFO - fetch_expense_for_date called with 2024-08-01
2024-11-03 11:18:39,189 - db_helper - INFO - fetch_expense_for_date called with 2024-08-03
2024-11-03 11:18:46,432 - db_helper - INFO - fetch_expense_for_date called with 2024-08-05
2024-11-03 11:18:50,761 - db_helper - INFO - fetch_expense_for_date called with 2024-08-01
2024-11-03 11:18:55,154 - db_helper - INFO - fetch_expense_for_date called with 2024-08-01
2024-11-03 11:18:57,513 - db_helper - INFO - fetch_expense_summary called with start: 2024-08-01 end: 2024-08-05
2024-11-03 11:19:09,362 - db_helper - INFO - fetch_expense_for_date called with 2024-08-01
2024-11-03 11:19:11,609 - db_helper - INFO - fetch_expense_for_month called 
2024-11-03 11:29:28,248 - db_helper - INFO - fetch_expense_for_date called with 2024-08-01
2024-11-03 11:33:06,905 - db_helper - INFO - fetch_expense_for_date called with 2024-08-01
2024-11-03 11:33:17,307 - db_helper - INFO - fetch_expense_for_date called with 2024-08-03
2024-11-03 11:33:21,550 - db_helper - INFO - fetch_expense_for_date called with 2024-08-01
2024-11-03 11:33:26,384 - db_helper - INFO - fetch_expense_for_date called with 2024-08-01
2024-11-03 11:33:28,620 - db_helper - INFO - fetch_expense_summary called with start: 2024-08-01 end: 2024-08-05
2024-11-03 11:33:36,722 - db_helper - INFO - fetch_expense_for_date called with 2024-08-01
2024-11-03 11:33:39,003 - db_helper - INFO - fetch_expense_for_month called 
2024-11-03 12:35:14,205 - db_helper - INFO - fetch_expense_for_date called with 2024-08-01
2024-11-03 12:36:27,791 - db_helper - INFO - fetch_expense_for_date called with 2024-08-01
2024-11-03 12:38:54,116 - db_helper - INFO - fetch_expense_for_date called with 2024-08-01
2024-11-03 12:39:33,741 - db_helper - INFO - fetch_expense_for_date called with 2024-08-01
2024-11-03 12:39:40,702 - db_helper - INFO - fetch_expense_for_date called with 2024-08-01
2024-11-03 12:39:42,948 - db_helper - INFO - fetch_expense_summary called with start: 2024-08-01 end: 2024-08-05
2024-11-03 12:41:16,342 - db_helper - INFO - fetch_expense_for_date called with 2024-08-01
2024-11-03 12:41:29,750 - db_helper - INFO - fetch_expense_for_date called with 2024-08-01
2024-11-03 12:41:32,077 - db_helper - INFO - fetch_expense_summary called with start: 2024-08-01 end: 2024-08-05
2024-11-03 12:41:44,766 - db_helper - INFO - fetch_expense_for_date called with 2024-08-01
2024-11-03 12:41:47,202 - db_helper - INFO - fetch_expense_for_month called 
2024-11-03 12:47:39,699 - db_helper - INFO - fetch_expense_for_date called with 2024-08-01
2024-11-03 13:04:45,401 - db_helper - INFO - fetch_expense_for_date called with 2024-08-01
2024-11-03 13:04:50,598 - db_helper - INFO - fetch_expense_for_date called with 2024-08-02
2024-11-03 13:04:55,048 - db_helper - INFO - fetch_expense_for_date called with 2024-08-03
2024-11-03 13:04:58,827 - db_helper - INFO - fetch_expense_for_date called with 2024-08-03
2024-11-03 13:05:01,246 - db_helper - INFO - fetch_expense_summary called with start: 2024-08-01 end: 2024-08-05
2024-11-03 13:05:09,198 - db_helper - INFO - fetch_expense_for_date called with 2024-08-03
2024-11-03 13:05:11,641 - db_helper - INFO - fetch_expense_for_month called 
2024-11-03 13:09:17,436 - db_helper - INFO - fetch_expense_for_date called with 2024-08-01
2024-11-03 13:09:28,650 - db_helper - INFO - fetch_expense_for_date called with 2024-08-01
2024-11-03 13:09:30,917 - db_helper - INFO - fetch_expense_summary called with start: 2024-08-01 end: 2024-08-05
2024-11-03 13:09:39,853 - db_helper - INFO - fetch_expense_for_date called with 2024-08-01
2024-11-03 13:09:42,361 - db_helper - INFO - fetch_expense_for_month called 
2024-11-03 13:12:00,088 - db_helper - INFO - fetch_expense_for_date called with 2024-08-01
2024-11-03 13:12:13,891 - db_helper - INFO - fetch_expense_for_date called with 2024-08-01
2024-11-03 13:12:16,246 - db_helper - INFO - fetch_expense_summary called with start: 2024-08-01 end: 2024-08-05
2024-11-03 13:12:29,645 - db_helper - INFO - fetch_expense_for_date called with 2024-08-01
2024-11-03 13:12:32,251 - db_helper - INFO - fetch_expense_for_month called 
2024-11-03 13:14:25,916 - db_helper - INFO - fetch_expense_for_date called with 2024-08-01
2024-11-03 13:16:44,238 - db_helper - INFO - fetch_expense_for_date called with 2024-08-01
2024-11-03 13:20:38,217 - db_helper - INFO - fetch_expense_for_date called with 2024-08-01
2024-11-03 13:27:15,033 - db_helper - INFO - fetch_expense_for_date called with 2024-08-01
2024-11-03 13:32:43,392 - db_helper - INFO - fetch_expense_for_date called with 2024-08-01
2024-11-03 13:40:12,110 - db_helper - INFO - fetch_expense_for_date called with 2024-08-01
2024-11-03 13:44:37,403 - db_helper - INFO - fetch_expense_for_date called with 2024-08-01
2024-11-03 13:45:01,777 - db_helper - INFO - fetch_expense_for_date called with 2024-08-01
2024-11-03 13:45:30,144 - db_helper - INFO - fetch_expense_for_date called with 2024-08-01
2024-11-03 13:45:32,471 - db_helper - INFO - fetch_expense_summary called with start: 2024-08-01 end: 2024-08-05
2024-11-03 13:45:39,701 - db_helper - INFO - fetch_expense_for_date called with 2024-08-01
2024-11-03 13:45:42,158 - db_helper - INFO - fetch_expense_for_month called 
2024-11-03 13:46:05,755 - db_helper - INFO - fetch_expense_for_date called with 2024-08-02
2024-11-03 15:33:04,493 - db_helper - INFO - fetch_expense_for_date called with 2024-08-01
2024-11-03 15:33:11,944 - db_helper - INFO - fetch_expense_for_date called with 2024-08-02
2024-11-03 15:33:16,413 - db_helper - INFO - fetch_expense_for_date called with 2024-08-03
2024-11-03 15:33:21,763 - db_helper - INFO - fetch_expense_for_date called with 2024-08-03
2024-11-03 15:33:24,046 - db_helper - INFO - fetch_expense_summary called with start: 2024-08-01 end: 2024-08-05
2024-11-03 15:33:40,627 - db_helper - INFO - fetch_expense_for_date called with 2024-08-03
2024-11-03 15:33:42,865 - db_helper - INFO - fetch_expense_for_month called 
2024-11-03 15:53:59,441 - db_helper - INFO - insert_user_information called for username: ayanhayat@gmail.com
2024-11-03 15:54:04,071 - db_helper - INFO - insert_user_information called for username: ayanhayat@gmail.com
2024-11-03 15:54:41,128 - db_helper - INFO - insert_user_information called for username: ayadqqw@gmail.com
2024-11-03 15:56:03,157 - db_helper - INFO - insert_user_information called for username: ayadqqw@gmail.com
2024-11-03 18:26:26,933 - db_helper - INFO - insert_user_information called for email: ayadqqw@gmail.com
2024-11-03 18:44:41,298 - db_helper - INFO - fetch_expense_for_date called with 2024-08-01
2024-11-03 18:44:49,081 - db_helper - INFO - fetch_expense_for_date called with 2024-08-02
2024-11-03 18:44:53,789 - db_helper - INFO - fetch_expense_for_date called with 2024-08-03
2024-11-03 18:44:58,344 - db_helper - INFO - fetch_expense_for_date called with 2024-08-04
2024-11-03 18:45:01,978 - db_helper - INFO - fetch_expense_for_date called with 2024-08-01
2024-11-03 18:45:07,609 - db_helper - INFO - fetch_expense_for_date called with 2024-08-01
2024-11-03 18:45:09,833 - db_helper - INFO - fetch_expense_summary called with start: 2024-08-01 end: 2024-08-05
2024-11-03 18:45:18,724 - db_helper - INFO - fetch_expense_for_date called with 2024-08-01
2024-11-03 18:45:20,958 - db_helper - INFO - fetch_expense_for_month called 
2024-11-04 15:27:33,200 - db_helper - INFO - fetch_expense_for_date called with 2024-08-01
2024-11-04 15:27:39,664 - db_helper - INFO - fetch_expense_for_date called with 2024-08-02
2024-11-04 15:27:45,562 - db_helper - INFO - fetch_expense_for_date called with 2024-08-01
2024-11-04 15:28:19,377 - db_helper - INFO - fetch_expense_for_date called with 2024-08-03
2024-11-04 15:28:48,562 - db_helper - INFO - fetch_expense_for_date called with 2024-08-03
2024-11-04 15:28:51,024 - db_helper - INFO - fetch_expense_summary called with start: 2024-08-01 end: 2024-08-05
2024-11-04 15:29:24,294 - db_helper - INFO - fetch_expense_for_date called with 2024-08-03
2024-11-04 15:29:26,606 - db_helper - INFO - fetch_expense_for_month called 
2024-11-04 15:30:51,038 - db_helper - INFO - fetch_expense_for_date called with 2024-08-01
2024-11-04 15:31:16,489 - db_helper - INFO - fetch_expense_for_date called with 2024-08-15
2024-11-04 15:31:50,598 - db_helper - INFO - fetch_expense_for_date called with 2024-08-15
2024-11-04 15:31:53,038 - db_helper - INFO - delete_expense_for_date called with 2024-08-15
2024-11-04 15:31:53,353 - db_helper - INFO - insert_expense called with 2024-08-15
2024-11-04 15:31:53,603 - db_helper - INFO - insert_expense called with 2024-08-15
2024-11-04 15:32:02,546 - db_helper - INFO - fetch_expense_for_date called with 2024-08-15
2024-11-04 15:32:04,826 - db_helper - INFO - fetch_expense_summary called with start: 2024-08-01 end: 2024-08-05
2024-11-04 15:32:11,069 - db_helper - INFO - fetch_expense_for_date called with 2024-08-15
2024-11-04 15:32:15,820 - db_helper - INFO - fetch_expense_for_date called with 2024-08-15
2024-11-04 15:32:18,117 - db_helper - INFO - fetch_expense_summary called with start: 2024-08-02 end: 2024-08-05
2024-11-04 15:32:25,847 - db_helper - INFO - fetch_expense_for_date called with 2024-08-15
2024-11-04 15:32:29,339 - db_helper - INFO - fetch_expense_for_date called with 2024-08-15
2024-11-04 15:32:31,668 - db_helper - INFO - fetch_expense_summary called with start: 2024-08-01 end: 2024-08-05
2024-11-04 15:32:36,260 - db_helper - INFO - fetch_expense_for_date called with 2024-08-15
2024-11-04 15:32:38,578 - db_helper - INFO - fetch_expense_for_month called 
2024-11-04 18:40:19,420 - db_helper - INFO - insert_user_information called for email: ayadqqw@gmail.coqm
2024-11-04 18:44:37,990 - db_helper - INFO - fetch_expense_for_date called with 2024-08-01
2024-11-04 18:44:47,548 - db_helper - INFO - fetch_expense_for_date called with 2024-08-02
2024-11-04 18:44:52,520 - db_helper - INFO - fetch_expense_for_date called with 2024-08-03
2024-11-04 18:44:57,501 - db_helper - INFO - fetch_expense_for_date called with 2024-08-01
2024-11-04 18:45:01,822 - db_helper - INFO - fetch_expense_for_date called with 2024-08-01
2024-11-04 18:45:04,237 - db_helper - INFO - fetch_expense_summary called with start: 2024-08-01 end: 2024-08-05
2024-11-04 18:45:13,072 - db_helper - INFO - fetch_expense_for_date called with 2024-08-01
2024-11-04 18:45:15,306 - db_helper - INFO - fetch_expense_for_month called 
2024-11-04 18:46:28,526 - db_helper - INFO - fetch_expense_for_date called with 2024-08-01
2024-11-04 18:46:33,649 - db_helper - INFO - fetch_expense_for_date called with 2024-08-02
2024-11-04 18:46:37,865 - db_helper - INFO - fetch_expense_for_date called with 2024-08-03
2024-11-04 18:46:47,282 - db_helper - INFO - fetch_expense_for_date called with 2024-08-03
2024-11-04 18:46:49,540 - db_helper - INFO - fetch_expense_summary called with start: 2024-08-01 end: 2024-08-05
2024-11-04 18:46:55,589 - db_helper - INFO - fetch_expense_for_date called with 2024-08-03
2024-11-04 18:46:57,902 - db_helper - INFO - fetch_expense_for_month called 
2024-11-04 19:18:38,735 - db_helper - INFO - fetch_expense_for_date called with 2024-08-01
2024-11-04 19:18:45,532 - db_helper - INFO - fetch_expense_for_date called with 2024-08-01
2024-11-04 19:18:47,805 - db_helper - INFO - fetch_expense_summary called with start: 2024-08-01 end: 2024-08-05
2024-11-04 19:18:54,385 - db_helper - INFO - fetch_expense_for_date called with 2024-08-01
2024-11-04 19:18:56,708 - db_helper - INFO - fetch_expense_for_month called 
2024-11-04 19:20:50,668 - db_helper - INFO - fetch_expense_for_date called with 2024-08-01
2024-11-04 19:20:57,152 - db_helper - INFO - fetch_expense_for_date called with 2024-08-03
2024-11-04 19:21:03,640 - db_helper - INFO - fetch_expense_for_date called with 2024-08-03
2024-11-04 19:21:05,960 - db_helper - INFO - fetch_expense_summary called with start: 2024-08-01 end: 2024-08-05
2024-11-04 19:21:11,670 - db_helper - INFO - fetch_expense_for_date called with 2024-08-03
2024-11-04 19:21:14,107 - db_helper - INFO - fetch_expense_for_month called 
2024-11-04 19:23:55,563 - db_helper - INFO - select_user_information called for email: Sabirhoda@gmail.com
2024-11-04 19:24:15,198 - db_helper - INFO - fetch_expense_for_date called with 2024-08-01
2024-11-04 19:24:21,713 - db_helper - INFO - fetch_expense_for_date called with 2024-08-02
2024-11-04 19:24:29,778 - db_helper - INFO - fetch_expense_for_date called with 2024-08-01
2024-11-04 19:24:34,577 - db_helper - INFO - fetch_expense_for_date called with 2024-08-01
2024-11-04 19:24:36,806 - db_helper - INFO - fetch_expense_summary called with start: 2024-08-01 end: 2024-08-05
2024-11-04 19:24:43,514 - db_helper - INFO - fetch_expense_for_date called with 2024-08-01
2024-11-04 19:24:45,769 - db_helper - INFO - fetch_expense_for_month called 
2024-11-04 19:32:36,877 - db_helper - INFO - select_user_information called for email: Sabirhoda@gmail.com
2024-11-04 19:36:45,623 - db_helper - INFO - select_user_information called for email: Sabirhoda@gmail.com
2024-11-04 19:38:53,050 - db_helper - INFO - select_user_information called for email: Sabirhoda@gmail.com
2024-11-04 19:51:27,440 - db_helper - INFO - select_user_information called for email: Sabirhoda@gmail.com
2024-11-04 19:59:23,952 - db_helper - INFO - select_user_information called for email: Sabirhoda@gmail.com
2024-11-04 20:13:47,910 - db_helper - INFO - select_user_information called for email: Sabirhoda@gmail.com
2024-11-05 11:12:01,703 - db_helper - INFO - select_user_information called for email: Sabirhoda@gmail.com
2024-11-05 11:13:24,802 - db_helper - INFO - select_user_information called for email: Sabirhoda@gmail.com
2024-11-05 11:13:49,299 - db_helper - INFO - select_user_information called for email: Sabirhoda@gmail.com
2024-11-05 11:22:51,986 - db_helper - INFO - select_user_information called for email: Sabirhoda@gmail.com
2024-11-05 11:24:43,952 - db_helper - INFO - select_user_information called for email: Sabirhoda@gmail.com
2024-11-05 11:25:35,140 - db_helper - INFO - select_user_information called for email: Sabirhoda@gmail.com
2024-11-05 11:27:12,275 - db_helper - INFO - select_user_information called for email: Sabirhoda@gmail.com
2024-11-05 11:30:09,772 - db_helper - INFO - select_user_information called for email: Sabirhoda@gmail.com
2024-11-05 11:31:29,811 - db_helper - INFO - select_user_information called for email: Sabirhoda@gmail.com
2024-11-05 11:31:53,227 - db_helper - INFO - select_user_information called for email: Sabirhoda@gmail.com
2024-11-05 11:32:20,172 - db_helper - INFO - select_user_information called for email: Sabirhoda@gmail.com
2024-11-05 11:40:47,357 - db_helper - INFO - select_user_information called for email: Sabirhoda@gmail.com
2024-11-05 11:40:47,359 - db_helper - INFO - select_user_information called for email: Sabirhoda@gmail.com
2024-11-05 11:40:47,359 - db_helper - INFO - select_user_information called for email: Sabirhoda@gmail.com
2024-11-05 12:13:34,139 - db_helper - INFO - select_user_information called for email: Sabirhoda@gmail.com
2024-11-05 12:33:16,598 - db_helper - INFO - select_user_information called for email: Sabirhoda@gmail.com
2024-11-05 12:47:00,688 - db_helper - INFO - select_user_information called for email: Sabirhoda@gmail.com
2024-11-05 12:47:06,090 - db_helper - INFO - select_user_information called for email: Sabirhoda@gmail.com
2024-11-05 12:53:32,362 - db_helper - INFO - select_user_information called for email: Sabirhoda@gmail.com
2024-11-05 12:53:35,424 - db_helper - INFO - fetch_expense_for_date called with 2024-08-01
2024-11-05 12:53:41,602 - db_helper - INFO - fetch_expense_for_date called with 2024-08-02
2024-11-05 12:53:46,304 - db_helper - INFO - fetch_expense_for_date called with 2024-08-01
2024-11-05 12:53:50,838 - db_helper - INFO - fetch_expense_for_date called with 2024-08-01
2024-11-05 12:53:53,292 - db_helper - INFO - fetch_expense_summary called with start: 2024-08-01 end: 2024-08-05
2024-11-05 12:54:01,003 - db_helper - INFO - fetch_expense_for_date called with 2024-08-01
2024-11-05 12:54:03,268 - db_helper - INFO - fetch_expense_for_month called 
2024-11-05 13:04:32,687 - db_helper - INFO - select_user_information called for email: Sabirhoda@gmail.com
2024-11-05 13:04:35,566 - db_helper - INFO - fetch_expense_for_date called with 2024-08-01
2024-11-05 13:04:43,754 - db_helper - INFO - fetch_expense_for_date called with 2024-08-02
2024-11-05 13:04:48,270 - db_helper - INFO - fetch_expense_for_date called with 2024-08-03
2024-11-05 13:04:52,959 - db_helper - INFO - fetch_expense_for_date called with 2024-08-03
2024-11-05 13:04:55,286 - db_helper - INFO - fetch_expense_summary called with start: 2024-08-01 end: 2024-08-05
2024-11-05 13:05:04,386 - db_helper - INFO - fetch_expense_for_date called with 2024-08-03
2024-11-05 13:05:06,647 - db_helper - INFO - fetch_expense_for_month called 
2024-11-05 13:06:29,541 - db_helper - INFO - select_user_information called for email: Sabirhoda@gmail.com
2024-11-05 13:06:46,722 - db_helper - INFO - select_user_information called for email: Sabirhoda@gmail.com
2024-11-05 13:06:49,623 - db_helper - INFO - fetch_expense_for_date called with 2024-08-01
2024-11-05 13:07:02,109 - db_helper - INFO - fetch_expense_for_date called with 2024-08-01
2024-11-05 13:07:06,626 - db_helper - INFO - fetch_expense_for_date called with 2024-08-01
2024-11-05 13:07:08,889 - db_helper - INFO - fetch_expense_summary called with start: 2024-08-02 end: 2024-08-05
2024-11-05 13:07:15,336 - db_helper - INFO - fetch_expense_for_date called with 2024-08-01
2024-11-05 13:07:17,636 - db_helper - INFO - fetch_expense_for_month called 
2024-11-05 13:12:05,943 - db_helper - INFO - insert_user_information called for email: umairkhan@gmail.com
2024-11-05 13:12:27,310 - db_helper - INFO - select_user_information called for email: umairkhan@gmail.com
2024-11-05 15:17:06,257 - db_helper - INFO - select_user_information called for email: umairkhan@gmail.com
2024-11-05 15:25:52,355 - db_helper - INFO - select_user_information called for email: umairkhan@gmail.com
2024-11-05 15:28:29,292 - db_helper - INFO - select_user_information called for email: umairkhan@gmail.com
2024-11-05 15:32:06,914 - db_helper - INFO - select_user_information called for email: Sabirhoda@gmail.com
2024-11-05 15:32:09,819 - db_helper - INFO - fetch_expense_for_date called with 2024-08-01
2024-11-05 15:32:16,741 - db_helper - INFO - fetch_expense_for_date called with 2024-08-02
2024-11-05 15:32:23,496 - db_helper - INFO - fetch_expense_for_date called with 2024-08-03
2024-11-05 15:32:31,857 - db_helper - INFO - fetch_expense_for_date called with 2024-08-05
2024-11-05 15:32:36,301 - db_helper - INFO - fetch_expense_for_date called with 2024-08-15
2024-11-05 15:32:43,149 - db_helper - INFO - fetch_expense_for_date called with 2024-08-15
2024-11-05 15:32:45,404 - db_helper - INFO - fetch_expense_summary called with start: 2024-08-01 end: 2024-08-05
2024-11-05 15:32:55,798 - db_helper - INFO - fetch_expense_for_date called with 2024-08-15
2024-11-05 15:32:58,093 - db_helper - INFO - fetch_expense_for_month called 
2024-11-05 15:33:25,361 - db_helper - INFO - select_user_information called for email: Sabirhoda@gmail.com
2024-11-05 15:33:28,253 - db_helper - INFO - fetch_expense_for_date called with 2024-08-01
2024-11-05 15:34:35,064 - db_helper - INFO - select_user_information called for email: Sabirhoda@gmail.com
2024-11-05 15:34:37,975 - db_helper - INFO - fetch_expense_for_date called with 2024-08-01
2024-11-05 15:34:42,967 - db_helper - INFO - fetch_expense_for_date called with 2024-08-01
2024-11-05 15:34:45,308 - db_helper - INFO - fetch_expense_summary called with start: 2024-08-01 end: 2024-08-05
2024-11-05 15:40:46,475 - db_helper - INFO - fetch_expense_for_date called with 2024-08-01
2024-11-05 15:40:48,821 - db_helper - INFO - fetch_expense_for_month called 
2024-11-05 15:47:46,924 - db_helper - INFO - select_user_information called for email: umairkhan@gmail.com
2024-11-05 15:49:59,418 - db_helper - INFO - fetch_expense_for_date called with 2024-08-01
2024-11-05 15:50:01,902 - db_helper - INFO - fetch_expense_summary called with start: 2024-08-01 end: 2024-08-05
2024-11-05 15:50:20,927 - db_helper - INFO - fetch_expense_for_date called with 2024-08-03
2024-11-05 15:50:26,112 - db_helper - INFO - fetch_expense_for_date called with 2024-08-02
2024-11-05 15:50:31,368 - db_helper - INFO - fetch_expense_for_date called with 2024-08-08
2024-11-05 15:50:37,645 - db_helper - INFO - fetch_expense_for_date called with 2024-08-07
2024-11-05 15:50:42,161 - db_helper - INFO - fetch_expense_for_date called with 2024-08-01
2024-11-05 15:50:48,271 - db_helper - INFO - fetch_expense_for_date called with 2024-08-01
2024-11-05 15:50:50,700 - db_helper - INFO - fetch_expense_summary called with start: 2024-08-01 end: 2024-08-05
2024-11-05 15:50:56,989 - db_helper - INFO - fetch_expense_for_date called with 2024-08-01
2024-11-05 15:50:59,273 - db_helper - INFO - fetch_expense_for_month called 
2024-11-05 15:51:10,792 - db_helper - INFO - fetch_expense_for_date called with 2024-08-01
2024-11-05 15:51:13,200 - db_helper - INFO - fetch_expense_summary called with start: 2024-08-01 end: 2024-08-05
2024-11-05 15:53:40,315 - db_helper - INFO - fetch_expense_for_date called with 2024-08-01
2024-11-05 15:53:42,587 - db_helper - INFO - fetch_expense_for_month called 
2024-11-05 15:56:32,893 - db_helper - INFO - select_user_information called for email: umairkhan@gmail.com
2024-11-05 15:57:12,760 - db_helper - INFO - select_user_information called for email: umairkhan@gmail.com
2024-11-05 15:57:34,257 - db_helper - INFO - select_user_information called for email: umairkhan@gmail.com
2024-11-05 16:14:14,890 - db_helper - INFO - select_user_information called for email: umairkhan@gmail.com
2024-11-05 16:15:27,935 - db_helper - INFO - select_user_information called for email: Sabirhoda@gmail.com
2024-11-05 16:16:46,482 - db_helper - INFO - select_user_information called for email: Sabirhoda@gmail.com
2024-11-05 16:16:49,261 - db_helper - INFO - fetch_expense_for_date called with 2024-08-01
2024-11-05 16:16:53,478 - db_helper - INFO - fetch_expense_for_date called with 2024-08-01
2024-11-05 16:16:55,674 - db_helper - INFO - fetch_expense_summary called with start: 2024-08-01 end: 2024-08-05
2024-11-05 16:17:07,324 - db_helper - INFO - select_user_information called for email: Sabirhoda@gmail.com
2024-11-05 16:24:10,204 - db_helper - INFO - select_user_information called for email: Sabirhoda@gmail.com
2024-11-05 16:24:12,941 - db_helper - INFO - fetch_expense_for_date called with 2024-08-01
2024-11-05 16:32:42,062 - db_helper - INFO - select_user_information called for email: Sabirhoda@gmail.com
2024-11-05 16:32:44,821 - db_helper - INFO - fetch_expense_for_date called with 2024-08-01
2024-11-05 16:32:51,185 - db_helper - INFO - fetch_expense_for_date called with 2024-08-01
2024-11-05 16:34:57,919 - db_helper - INFO - select_user_information called for email: Sabirhoda@gmail.com
2024-11-05 16:35:00,818 - db_helper - INFO - fetch_expense_for_date called with 2024-08-01
2024-11-05 16:35:14,137 - db_helper - INFO - fetch_expense_for_date called with 2024-08-02
2024-11-05 16:35:18,118 - db_helper - INFO - fetch_expense_for_date called with 2024-08-02
2024-11-05 16:35:20,319 - db_helper - INFO - fetch_expense_summary called with start: 2024-08-01 end: 2024-08-05
2024-11-05 16:35:24,639 - db_helper - INFO - fetch_expense_for_date called with 2024-08-02
2024-11-05 16:35:26,874 - db_helper - INFO - fetch_expense_for_month called 
2024-11-05 16:35:56,253 - db_helper - INFO - fetch_expense_for_date called with 2024-08-02
2024-11-05 16:36:09,532 - db_helper - INFO - select_user_information called for email: Sabirhoda@gmail.com
2024-11-05 16:36:12,269 - db_helper - INFO - fetch_expense_for_date called with 2024-08-01
2024-11-05 16:36:18,195 - db_helper - INFO - fetch_expense_for_date called with 2024-08-02
2024-11-05 16:36:22,333 - db_helper - INFO - fetch_expense_for_date called with 2024-08-02
2024-11-05 16:36:24,528 - db_helper - INFO - fetch_expense_summary called with start: 2024-08-01 end: 2024-08-05
2024-11-05 16:36:31,358 - db_helper - INFO - fetch_expense_for_date called with 2024-08-02
2024-11-05 16:36:33,562 - db_helper - INFO - fetch_expense_for_month called 
2024-11-05 16:36:53,505 - db_helper - INFO - fetch_expense_for_date called with 2024-08-02
2024-11-05 16:37:05,066 - db_helper - INFO - select_user_information called for email: Sabirhoda@gmail.com
2024-11-05 16:37:56,394 - db_helper - INFO - select_user_information called for email: Sabirhoda@gmail.com
2024-11-05 16:37:59,210 - db_helper - INFO - fetch_expense_for_date called with 2024-08-01
2024-11-05 16:39:42,481 - db_helper - INFO - fetch_expense_for_date called with 2024-08-01
